e:\scir\source\repos\calibration\calibration\x64\debug\uic\ui_mainwindow.h
e:\scir\source\repos\calibration\calibration\x64\debug\rcc\qrc_mainwindow.cpp
e:\scir\source\repos\calibration\calibration\x64\debug\moc\moc_mainwindow.cpp
e:\scir\source\repos\calibration\calibration\x64\debug\mainwindow.obj
e:\scir\source\repos\calibration\calibration\x64\debug\main.obj
e:\scir\source\repos\calibration\calibration\x64\debug\vc141.pdb
e:\scir\source\repos\calibration\calibration\x64\debug\moc_mainwindow.obj
e:\scir\source\repos\calibration\calibration\x64\debug\qrc_mainwindow.obj
e:\scir\source\repos\calibration\x64\debug\calibration.ilk
e:\scir\source\repos\calibration\x64\debug\calibration.exe
e:\scir\source\repos\calibration\x64\debug\calibration.pdb
e:\scir\source\repos\calibration\calibration\x64\debug\calibration.tlog\calibration.write.1u.tlog
e:\scir\source\repos\calibration\calibration\x64\debug\calibration.tlog\cl.11064.write.1.tlog
e:\scir\source\repos\calibration\calibration\x64\debug\calibration.tlog\cl.command.1.tlog
e:\scir\source\repos\calibration\calibration\x64\debug\calibration.tlog\cl.read.1.tlog
e:\scir\source\repos\calibration\calibration\x64\debug\calibration.tlog\link.command.1.tlog
e:\scir\source\repos\calibration\calibration\x64\debug\calibration.tlog\link.read.1.tlog
e:\scir\source\repos\calibration\calibration\x64\debug\calibration.tlog\link.write.1.tlog
e:\scir\source\repos\calibration\calibration\x64\debug\calibration.tlog\moc.read.1u.tlog
e:\scir\source\repos\calibration\calibration\x64\debug\calibration.tlog\moc.write.1u.tlog
e:\scir\source\repos\calibration\calibration\x64\debug\calibration.tlog\rcc.read.1u.tlog
e:\scir\source\repos\calibration\calibration\x64\debug\calibration.tlog\rcc.write.1u.tlog
e:\scir\source\repos\calibration\calibration\x64\debug\calibration.tlog\uic.read.1u.tlog
e:\scir\source\repos\calibration\calibration\x64\debug\calibration.tlog\uic.write.1u.tlog
