e:\scir\source\repos\calibration\calibration\x64\release\uic\ui_mainwindow.h
e:\scir\source\repos\calibration\calibration\x64\release\rcc\qrc_mainwindow.cpp
e:\scir\source\repos\calibration\calibration\x64\release\moc\moc_mainwindow.cpp
e:\scir\source\repos\calibration\calibration\x64\release\moc_mainwindow.obj
e:\scir\source\repos\calibration\calibration\x64\release\qrc_mainwindow.obj
e:\scir\source\repos\calibration\calibration\x64\release\mainwindow.obj
e:\scir\source\repos\calibration\calibration\x64\release\main.obj
e:\scir\source\repos\calibration\x64\release\calibration.exe
e:\scir\source\repos\calibration\calibration\x64\release\calibration.tlog\calibration.write.1u.tlog
e:\scir\source\repos\calibration\calibration\x64\release\calibration.tlog\cl.13756.write.1.tlog
e:\scir\source\repos\calibration\calibration\x64\release\calibration.tlog\cl.command.1.tlog
e:\scir\source\repos\calibration\calibration\x64\release\calibration.tlog\cl.read.1.tlog
e:\scir\source\repos\calibration\calibration\x64\release\calibration.tlog\link.command.1.tlog
e:\scir\source\repos\calibration\calibration\x64\release\calibration.tlog\link.read.1.tlog
e:\scir\source\repos\calibration\calibration\x64\release\calibration.tlog\link.write.1.tlog
e:\scir\source\repos\calibration\calibration\x64\release\calibration.tlog\moc.read.1u.tlog
e:\scir\source\repos\calibration\calibration\x64\release\calibration.tlog\moc.write.1u.tlog
e:\scir\source\repos\calibration\calibration\x64\release\calibration.tlog\rcc.read.1u.tlog
e:\scir\source\repos\calibration\calibration\x64\release\calibration.tlog\rcc.write.1u.tlog
e:\scir\source\repos\calibration\calibration\x64\release\calibration.tlog\uic.read.1u.tlog
e:\scir\source\repos\calibration\calibration\x64\release\calibration.tlog\uic.write.1u.tlog
